<?xml version="1.0" encoding="UTF-8"?>
<!-- Generated by org.testng.reporters.JUnitReportReporter -->
<testsuite hostname="DESKTOP-PNMOGEO" failures="0" tests="2" name="TestNG.Testscript_1" time="0.036" errors="0" timestamp="2023-09-30T11:16:11 IST" skipped="0">
  <testcase classname="TestNG.Testscript_1" name="test2" time="0.013">
    <system-out>
      <![CDATA[bye]]>
    </system-out>
  </testcase> <!-- test2 -->
  <testcase classname="TestNG.Testscript_1" name="test1" time="0.023">
    <system-out>
      <![CDATA[Hello]]>
    </system-out>
  </testcase> <!-- test1 -->
  <system-out>
    <![CDATA[Hello
bye]]>
  </system-out>
</testsuite> <!-- TestNG.Testscript_1 -->
