<?xml version="1.0" encoding="UTF-8"?>
<!-- Generated by org.testng.reporters.JUnitReportReporter -->
<testsuite hostname="DESKTOP-PNMOGEO" failures="0" tests="3" name="TestNG.testInvocation" time="0.028" errors="0" timestamp="2023-09-23T12:38:49 IST" skipped="0">
  <testcase classname="TestNG.testInvocation" name="test1" time="0.020">
    <system-out>
      <![CDATA[Hello]]>
    </system-out>
  </testcase> <!-- test1 -->
  <testcase classname="TestNG.testInvocation" name="test2" time="0.003">
    <system-out>
      <![CDATA[Hello]]>
    </system-out>
  </testcase> <!-- test2 -->
  <testcase classname="TestNG.testInvocation" name="test2" time="0.005">
    <system-out>
      <![CDATA[Hello]]>
    </system-out>
  </testcase> <!-- test2 -->
  <system-out>
    <![CDATA[Hello
Hello
Hello
Hello
bye]]>
  </system-out>
</testsuite> <!-- TestNG.testInvocation -->
