<?xml version="1.0" encoding="UTF-8"?>
<!-- Generated by org.testng.reporters.JUnitReportReporter -->
<testsuite hostname="DESKTOP-PNMOGEO" failures="0" tests="1" name="TestNG.TestSCript_30_9" time="23.941" errors="0" timestamp="2023-09-30T11:20:55 IST" skipped="0">
  <testcase classname="TestNG.TestSCript_30_9" name="test" time="23.941"/>
</testsuite> <!-- TestNG.TestSCript_30_9 -->
