<?xml version="1.0" encoding="UTF-8"?>
<!-- Generated by org.testng.reporters.JUnitReportReporter -->
<testsuite hostname="DESKTOP-PNMOGEO" failures="0" tests="1" name="TestNG.sample" time="14.901" errors="0" timestamp="2023-09-23T12:50:20 IST" skipped="0">
  <testcase classname="TestNG.sample" name="test1" time="14.901"/>
</testsuite> <!-- TestNG.sample -->
